#
# There is insufficient memory for the Java Runtime Environment to continue.
# Native memory allocation (malloc) failed to allocate 1119568 bytes for Chunk::new
# Possible reasons:
#   The system is out of physical RAM or swap space
#   The process is running with CompressedOops enabled, and the Java Heap may be blocking the growth of the native heap
# Possible solutions:
#   Reduce memory load on the system
#   Increase physical memory or swap space
#   Check if swap backing store is full
#   Decrease Java heap size (-Xmx/-Xms)
#   Decrease number of Java threads
#   Decrease Java thread stack sizes (-Xss)
#   Set larger code cache with -XX:ReservedCodeCacheSize=
#   JVM is running with Unscaled Compressed Oops mode in which the Java heap is
#     placed in the first 4GB address space. The Java Heap base address is the
#     maximum limit for the native heap growth. Please use -XX:HeapBaseMinAddress
#     to set the Java Heap base and to place the Java Heap above 4GB virtual address.
# This output file may be truncated or incomplete.
#
#  Out of Memory Error (allocation.cpp:389), pid=24400, tid=0x0000000000004fcc
#
# JRE version: Java(TM) SE Runtime Environment (8.0_281-b09) (build 1.8.0_281-b09)
# Java VM: Java HotSpot(TM) 64-Bit Server VM (25.281-b09 mixed mode windows-amd64 compressed oops)
# Failed to write core dump. Minidumps are not enabled by default on client versions of Windows
#

---------------  T H R E A D  ---------------

Current thread (0x00000248a46c3000):  JavaThread "C2 CompilerThread1" daemon [_thread_in_native, id=20428, stack(0x000000fb78f00000,0x000000fb79000000)]

Stack: [0x000000fb78f00000,0x000000fb79000000]
Native frames: (J=compiled Java code, j=interpreted, Vv=VM code, C=native code)
V  [jvm.dll+0x32e5b9]
V  [jvm.dll+0x275012]
V  [jvm.dll+0x275cbd]
V  [jvm.dll+0x26c6f5]
V  [jvm.dll+0xd51fc]
V  [jvm.dll+0xd59fc]
V  [jvm.dll+0x46f915]
V  [jvm.dll+0x437598]
V  [jvm.dll+0x4403d5]
V  [jvm.dll+0x43f795]
V  [jvm.dll+0x42a5e7]
V  [jvm.dll+0xabe9b]
V  [jvm.dll+0xaa4fb]
V  [jvm.dll+0x23d6b2]
V  [jvm.dll+0x291cbc]
C  [ucrtbase.dll+0x29363]
C  [KERNEL32.DLL+0x1244d]
C  [ntdll.dll+0x5df88]


Current CompileTask:
C2:   7045 3544       4       org.springframework.beans.factory.support.AbstractBeanFactory::isTypeMatch (607 bytes)


---------------  P R O C E S S  ---------------

Java Threads: ( => current thread )
  0x00000248a46ce800 JavaThread "mysql-cj-abandoned-connection-cleanup" daemon [_thread_blocked, id=18192, stack(0x000000fb79400000,0x000000fb79500000)]
  0x00000248a4777000 JavaThread "Service Thread" daemon [_thread_blocked, id=10224, stack(0x000000fb79200000,0x000000fb79300000)]
  0x00000248a46cb800 JavaThread "C1 CompilerThread3" daemon [_thread_blocked, id=23344, stack(0x000000fb79100000,0x000000fb79200000)]
  0x00000248a46c4800 JavaThread "C2 CompilerThread2" daemon [_thread_in_native, id=20716, stack(0x000000fb79000000,0x000000fb79100000)]
=>0x00000248a46c3000 JavaThread "C2 CompilerThread1" daemon [_thread_in_native, id=20428, stack(0x000000fb78f00000,0x000000fb79000000)]
  0x00000248a46c1000 JavaThread "C2 CompilerThread0" daemon [_thread_in_native, id=11720, stack(0x000000fb78e00000,0x000000fb78f00000)]
  0x00000248a46b7000 JavaThread "Monitor Ctrl-Break" daemon [_thread_in_native, id=11444, stack(0x000000fb78d00000,0x000000fb78e00000)]
  0x00000248a2aa9800 JavaThread "Attach Listener" daemon [_thread_blocked, id=12492, stack(0x000000fb78c00000,0x000000fb78d00000)]
  0x00000248a4668800 JavaThread "Signal Dispatcher" daemon [_thread_blocked, id=23180, stack(0x000000fb78b00000,0x000000fb78c00000)]
  0x00000248a2a28000 JavaThread "Finalizer" daemon [_thread_blocked, id=22672, stack(0x000000fb78a00000,0x000000fb78b00000)]
  0x00000248a2a26000 JavaThread "Reference Handler" daemon [_thread_blocked, id=25780, stack(0x000000fb78900000,0x000000fb78a00000)]
  0x000002488c73c000 JavaThread "main" [_thread_in_native, id=13736, stack(0x000000fb77f00000,0x000000fb78000000)]

Other Threads:
  0x000002488c7d4800 VMThread [stack: 0x000000fb78800000,0x000000fb78900000] [id=17776]
  0x00000248a4806800 WatcherThread [stack: 0x000000fb79300000,0x000000fb79400000] [id=17948]

VM state:not at safepoint (normal execution)

VM Mutex/Monitor currently owned by a thread: None

heap address: 0x0000000082e00000, size: 2002 MB, Compressed Oops mode: 32-bit
Narrow klass base: 0x0000000000000000, Narrow klass shift: 3
Compressed class space size: 1073741824 Address: 0x0000000100000000

Heap:
 PSYoungGen      total 123392K, used 38290K [0x00000000d6500000, 0x00000000df500000, 0x0000000100000000)
  eden space 115200K, 33% used [0x00000000d6500000,0x00000000d8a64818,0x00000000dd580000)
  from space 8192K, 0% used [0x00000000ded00000,0x00000000ded00000,0x00000000df500000)
  to   space 9216K, 0% used [0x00000000de300000,0x00000000de300000,0x00000000dec00000)
 ParOldGen       total 49664K, used 15338K [0x0000000082e00000, 0x0000000085e80000, 0x00000000d6500000)
  object space 49664K, 30% used [0x0000000082e00000,0x0000000083cfaa78,0x0000000085e80000)
 Metaspace       used 37197K, capacity 39610K, committed 39808K, reserved 1083392K
  class space    used 4952K, capacity 5389K, committed 5504K, reserved 1048576K

Card table byte_map: [0x000002489d480000,0x000002489d870000] byte_map_base: 0x000002489d069000

Marking Bits: (ParMarkBitMap*) 0x0000000069756ff0
 Begin Bits: [0x000002489db10000, 0x000002489fa58000)
 End Bits:   [0x000002489fa58000, 0x00000248a19a0000)

Polling page: 0x000002488ca50000

CodeCache: size=245760Kb used=13239Kb max_used=13239Kb free=232520Kb
 bounds [0x000002488e0c0000, 0x000002488edc0000, 0x000002489d0c0000]
 total_blobs=4041 nmethods=3638 adapters=315
 compilation: enabled

Compilation events (10 events):
Event: 6.983 Thread 0x00000248a46cb800 3651       3       java.lang.invoke.LambdaFormEditor$Transform::inRange (36 bytes)
Event: 6.983 Thread 0x00000248a46cb800 nmethod 3651 0x000002488edab390 code [0x000002488edab4e0, 0x000002488edab698]
Event: 6.983 Thread 0x00000248a46cb800 3653       3       java.lang.invoke.LambdaFormEditor::getInCache (189 bytes)
Event: 6.984 Thread 0x00000248a46cb800 nmethod 3653 0x000002488edab710 code [0x000002488edab940, 0x000002488edac9d0]
Event: 6.985 Thread 0x00000248a46cb800 3652       3       java.lang.invoke.LambdaFormEditor$Transform::<init> (28 bytes)
Event: 6.985 Thread 0x00000248a46cb800 nmethod 3652 0x000002488edace50 code [0x000002488edacfe0, 0x000002488edad310]
Event: 6.987 Thread 0x00000248a46cb800 3654       3       java.lang.reflect.Method::acquireMethodAccessor (44 bytes)
Event: 6.988 Thread 0x00000248a46cb800 nmethod 3654 0x000002488edad490 code [0x000002488edad620, 0x000002488edadc80]
Event: 6.995 Thread 0x00000248a46cb800 3655       3       java.util.Arrays::equals (54 bytes)
Event: 6.996 Thread 0x00000248a46cb800 nmethod 3655 0x000002488edade50 code [0x000002488edadfc0, 0x000002488edae338]

GC Heap History (10 events):
Event: 3.137 GC heap before
{Heap before GC invocations=6 (full 1):
 PSYoungGen      total 70656K, used 5095K [0x00000000d6500000, 0x00000000df500000, 0x0000000100000000)
  eden space 65536K, 0% used [0x00000000d6500000,0x00000000d6500000,0x00000000da500000)
  from space 5120K, 99% used [0x00000000da500000,0x00000000da9f9ee0,0x00000000daa00000)
  to   space 8192K, 0% used [0x00000000ded00000,0x00000000ded00000,0x00000000df500000)
 ParOldGen       total 86016K, used 5264K [0x0000000082e00000, 0x0000000088200000, 0x00000000d6500000)
  object space 86016K, 6% used [0x0000000082e00000,0x00000000833242d8,0x0000000088200000)
 Metaspace       used 19709K, capacity 21198K, committed 21296K, reserved 1067008K
  class space    used 2564K, capacity 2883K, committed 2944K, reserved 1048576K
Event: 3.182 GC heap after
Heap after GC invocations=6 (full 1):
 PSYoungGen      total 70656K, used 0K [0x00000000d6500000, 0x00000000df500000, 0x0000000100000000)
  eden space 65536K, 0% used [0x00000000d6500000,0x00000000d6500000,0x00000000da500000)
  from space 5120K, 0% used [0x00000000da500000,0x00000000da500000,0x00000000daa00000)
  to   space 8192K, 0% used [0x00000000ded00000,0x00000000ded00000,0x00000000df500000)
 ParOldGen       total 49664K, used 6720K [0x0000000082e00000, 0x0000000085e80000, 0x00000000d6500000)
  object space 49664K, 13% used [0x0000000082e00000,0x0000000083490228,0x0000000085e80000)
 Metaspace       used 19709K, capacity 21198K, committed 21296K, reserved 1067008K
  class space    used 2564K, capacity 2883K, committed 2944K, reserved 1048576K
}
Event: 3.902 GC heap before
{Heap before GC invocations=7 (full 1):
 PSYoungGen      total 70656K, used 65536K [0x00000000d6500000, 0x00000000df500000, 0x0000000100000000)
  eden space 65536K, 100% used [0x00000000d6500000,0x00000000da500000,0x00000000da500000)
  from space 5120K, 0% used [0x00000000da500000,0x00000000da500000,0x00000000daa00000)
  to   space 8192K, 0% used [0x00000000ded00000,0x00000000ded00000,0x00000000df500000)
 ParOldGen       total 49664K, used 6720K [0x0000000082e00000, 0x0000000085e80000, 0x00000000d6500000)
  object space 49664K, 13% used [0x0000000082e00000,0x0000000083490228,0x0000000085e80000)
 Metaspace       used 23220K, capacity 24824K, committed 24960K, reserved 1071104K
  class space    used 3037K, capacity 3356K, committed 3456K, reserved 1048576K
Event: 3.915 GC heap after
Heap after GC invocations=7 (full 1):
 PSYoungGen      total 123392K, used 7757K [0x00000000d6500000, 0x00000000df500000, 0x0000000100000000)
  eden space 115200K, 0% used [0x00000000d6500000,0x00000000d6500000,0x00000000dd580000)
  from space 8192K, 94% used [0x00000000ded00000,0x00000000df493758,0x00000000df500000)
  to   space 9216K, 0% used [0x00000000de300000,0x00000000de300000,0x00000000dec00000)
 ParOldGen       total 49664K, used 6720K [0x0000000082e00000, 0x0000000085e80000, 0x00000000d6500000)
  object space 49664K, 13% used [0x0000000082e00000,0x0000000083490228,0x0000000085e80000)
 Metaspace       used 23220K, capacity 24824K, committed 24960K, reserved 1071104K
  class space    used 3037K, capacity 3356K, committed 3456K, reserved 1048576K
}
Event: 5.114 GC heap before
{Heap before GC invocations=8 (full 1):
 PSYoungGen      total 123392K, used 122957K [0x00000000d6500000, 0x00000000df500000, 0x0000000100000000)
  eden space 115200K, 100% used [0x00000000d6500000,0x00000000dd580000,0x00000000dd580000)
  from space 8192K, 94% used [0x00000000ded00000,0x00000000df493758,0x00000000df500000)
  to   space 9216K, 0% used [0x00000000de300000,0x00000000de300000,0x00000000dec00000)
 ParOldGen       total 49664K, used 6720K [0x0000000082e00000, 0x0000000085e80000, 0x00000000d6500000)
  object space 49664K, 13% used [0x0000000082e00000,0x0000000083490228,0x0000000085e80000)
 Metaspace       used 28562K, capacity 30570K, committed 30848K, reserved 1075200K
  class space    used 3709K, capacity 4107K, committed 4224K, reserved 1048576K
Event: 5.129 GC heap after
Heap after GC invocations=8 (full 1):
 PSYoungGen      total 124416K, used 9191K [0x00000000d6500000, 0x00000000df500000, 0x0000000100000000)
  eden space 115200K, 0% used [0x00000000d6500000,0x00000000d6500000,0x00000000dd580000)
  from space 9216K, 99% used [0x00000000de300000,0x00000000debf9e90,0x00000000dec00000)
  to   space 8192K, 0% used [0x00000000ded00000,0x00000000ded00000,0x00000000df500000)
 ParOldGen       total 49664K, used 9553K [0x0000000082e00000, 0x0000000085e80000, 0x00000000d6500000)
  object space 49664K, 19% used [0x0000000082e00000,0x0000000083754440,0x0000000085e80000)
 Metaspace       used 28562K, capacity 30570K, committed 30848K, reserved 1075200K
  class space    used 3709K, capacity 4107K, committed 4224K, reserved 1048576K
}
Event: 6.287 GC heap before
{Heap before GC invocations=9 (full 1):
 PSYoungGen      total 124416K, used 97045K [0x00000000d6500000, 0x00000000df500000, 0x0000000100000000)
  eden space 115200K, 76% used [0x00000000d6500000,0x00000000dbacb7d0,0x00000000dd580000)
  from space 9216K, 99% used [0x00000000de300000,0x00000000debf9e90,0x00000000dec00000)
  to   space 8192K, 0% used [0x00000000ded00000,0x00000000ded00000,0x00000000df500000)
 ParOldGen       total 49664K, used 9553K [0x0000000082e00000, 0x0000000085e80000, 0x00000000d6500000)
  object space 49664K, 19% used [0x0000000082e00000,0x0000000083754440,0x0000000085e80000)
 Metaspace       used 33166K, capacity 35412K, committed 35496K, reserved 1079296K
  class space    used 4405K, capacity 4834K, committed 4864K, reserved 1048576K
Event: 6.299 GC heap after
Heap after GC invocations=9 (full 1):
 PSYoungGen      total 123392K, used 8181K [0x00000000d6500000, 0x00000000df500000, 0x0000000100000000)
  eden space 115200K, 0% used [0x00000000d6500000,0x00000000d6500000,0x00000000dd580000)
  from space 8192K, 99% used [0x00000000ded00000,0x00000000df4fd7c0,0x00000000df500000)
  to   space 9216K, 0% used [0x00000000de300000,0x00000000de300000,0x00000000dec00000)
 ParOldGen       total 49664K, used 11849K [0x0000000082e00000, 0x0000000085e80000, 0x00000000d6500000)
  object space 49664K, 23% used [0x0000000082e00000,0x0000000083992468,0x0000000085e80000)
 Metaspace       used 33166K, capacity 35412K, committed 35496K, reserved 1079296K
  class space    used 4405K, capacity 4834K, committed 4864K, reserved 1048576K
}
Event: 6.300 GC heap before
{Heap before GC invocations=10 (full 2):
 PSYoungGen      total 123392K, used 8181K [0x00000000d6500000, 0x00000000df500000, 0x0000000100000000)
  eden space 115200K, 0% used [0x00000000d6500000,0x00000000d6500000,0x00000000dd580000)
  from space 8192K, 99% used [0x00000000ded00000,0x00000000df4fd7c0,0x00000000df500000)
  to   space 9216K, 0% used [0x00000000de300000,0x00000000de300000,0x00000000dec00000)
 ParOldGen       total 49664K, used 11849K [0x0000000082e00000, 0x0000000085e80000, 0x00000000d6500000)
  object space 49664K, 23% used [0x0000000082e00000,0x0000000083992468,0x0000000085e80000)
 Metaspace       used 33166K, capacity 35412K, committed 35496K, reserved 1079296K
  class space    used 4405K, capacity 4834K, committed 4864K, reserved 1048576K
Event: 6.399 GC heap after
Heap after GC invocations=10 (full 2):
 PSYoungGen      total 123392K, used 0K [0x00000000d6500000, 0x00000000df500000, 0x0000000100000000)
  eden space 115200K, 0% used [0x00000000d6500000,0x00000000d6500000,0x00000000dd580000)
  from space 8192K, 0% used [0x00000000ded00000,0x00000000ded00000,0x00000000df500000)
  to   space 9216K, 0% used [0x00000000de300000,0x00000000de300000,0x00000000dec00000)
 ParOldGen       total 49664K, used 15338K [0x0000000082e00000, 0x0000000085e80000, 0x00000000d6500000)
  object space 49664K, 30% used [0x0000000082e00000,0x0000000083cfaa78,0x0000000085e80000)
 Metaspace       used 33166K, capacity 35412K, committed 35496K, reserved 1079296K
  class space    used 4405K, capacity 4834K, committed 4864K, reserved 1048576K
}

Deoptimization events (10 events):
Event: 6.677 Thread 0x00000248a46ce800 Uncommon trap: reason=unstable_if action=reinterpret pc=0x000002488e32f420 method=java.util.zip.ZipCoder.getBytes(Ljava/lang/String;)[B @ 32
Event: 6.677 Thread 0x00000248a46ce800 Uncommon trap: reason=unstable_if action=reinterpret pc=0x000002488e35351c method=java.util.zip.ZipCoder.getBytes(Ljava/lang/String;)[B @ 32
Event: 6.677 Thread 0x00000248a46ce800 Uncommon trap: reason=unstable_if action=reinterpret pc=0x000002488e3244cc method=java.util.zip.ZipCoder.getBytes(Ljava/lang/String;)[B @ 32
Event: 6.677 Thread 0x00000248a46ce800 Uncommon trap: reason=unstable_if action=reinterpret pc=0x000002488e829ec4 method=java.net.URL.<init>(Ljava/net/URL;Ljava/lang/String;Ljava/net/URLStreamHandler;)V @ 57
Event: 6.677 Thread 0x00000248a46ce800 Uncommon trap: reason=unstable_if action=reinterpret pc=0x000002488e648690 method=java.net.URLStreamHandler.parseURL(Ljava/net/URL;Ljava/lang/String;II)V @ 57
Event: 6.677 Thread 0x00000248a46ce800 Uncommon trap: reason=unstable_if action=reinterpret pc=0x000002488e894ec8 method=java.io.WinNTFileSystem.resolve(Ljava/lang/String;Ljava/lang/String;)Ljava/lang/String; @ 19
Event: 6.679 Thread 0x000002488c73c000 Uncommon trap: reason=unstable_if action=reinterpret pc=0x000002488e36c5d0 method=java.lang.AbstractStringBuilder.append(Ljava/lang/String;)Ljava/lang/AbstractStringBuilder; @ 1
Event: 6.706 Thread 0x000002488c73c000 Uncommon trap: reason=class_check action=maybe_recompile pc=0x000002488e839828 method=java.util.concurrent.ConcurrentHashMap.putVal(Ljava/lang/Object;Ljava/lang/Object;Z)Ljava/lang/Object; @ 192
Event: 6.707 Thread 0x000002488c73c000 Uncommon trap: reason=class_check action=maybe_recompile pc=0x000002488e839828 method=java.util.concurrent.ConcurrentHashMap.putVal(Ljava/lang/Object;Ljava/lang/Object;Z)Ljava/lang/Object; @ 192
Event: 6.753 Thread 0x000002488c73c000 Uncommon trap: reason=unstable_if action=reinterpret pc=0x000002488e2ec9b8 method=java.lang.AbstractStringBuilder.append(Ljava/lang/String;)Ljava/lang/AbstractStringBuilder; @ 1

Classes redefined (0 events):
No events

Internal exceptions (10 events):
Event: 6.635 Thread 0x000002488c73c000 Exception <a 'java/lang/ClassNotFoundException': org/springframework/beans/factory/InitializingBeanCustomizer> (0x00000000d7624ab8) thrown at [C:\jenkins\workspace\8-2-build-windows-amd64-cygwin\jdk8u281\880\hotspot\src\share\vm\classfile\systemDictionary
Event: 6.679 Thread 0x000002488c73c000 Implicit null exception at 0x000002488e36c216 to 0x000002488e36c5b9
Event: 6.687 Thread 0x000002488c73c000 Exception <a 'java/lang/ClassNotFoundException': java/lang/ObjectCustomizer> (0x00000000d7a410d0) thrown at [C:\jenkins\workspace\8-2-build-windows-amd64-cygwin\jdk8u281\880\hotspot\src\share\vm\classfile\systemDictionary.cpp, line 212]
Event: 6.688 Thread 0x000002488c73c000 Exception <a 'java/lang/ClassNotFoundException': com/zaxxer/hikari/HikariConfigCustomizer> (0x00000000d7a63ad8) thrown at [C:\jenkins\workspace\8-2-build-windows-amd64-cygwin\jdk8u281\880\hotspot\src\share\vm\classfile\systemDictionary.cpp, line 212]
Event: 6.691 Thread 0x000002488c73c000 Exception <a 'java/lang/ClassNotFoundException': com/zaxxer/hikari/HikariDataSourceCustomizer> (0x00000000d7ad2268) thrown at [C:\jenkins\workspace\8-2-build-windows-amd64-cygwin\jdk8u281\880\hotspot\src\share\vm\classfile\systemDictionary.cpp, line 212]
Event: 6.694 Thread 0x000002488c73c000 Exception <a 'java/lang/ClassNotFoundException': javax/sql/DataSourceCustomizer> (0x00000000d7b1c9c8) thrown at [C:\jenkins\workspace\8-2-build-windows-amd64-cygwin\jdk8u281\880\hotspot\src\share\vm\classfile\systemDictionary.cpp, line 212]
Event: 6.695 Thread 0x000002488c73c000 Exception <a 'java/lang/ClassNotFoundException': javax/sql/CommonDataSourceCustomizer> (0x00000000d7b2dbb0) thrown at [C:\jenkins\workspace\8-2-build-windows-amd64-cygwin\jdk8u281\880\hotspot\src\share\vm\classfile\systemDictionary.cpp, line 212]
Event: 6.696 Thread 0x000002488c73c000 Exception <a 'java/lang/ClassNotFoundException': java/sql/WrapperCustomizer> (0x00000000d7b40440) thrown at [C:\jenkins\workspace\8-2-build-windows-amd64-cygwin\jdk8u281\880\hotspot\src\share\vm\classfile\systemDictionary.cpp, line 212]
Event: 6.697 Thread 0x000002488c73c000 Exception <a 'java/lang/ClassNotFoundException': com/zaxxer/hikari/HikariConfigMXBeanCustomizer> (0x00000000d7b64508) thrown at [C:\jenkins\workspace\8-2-build-windows-amd64-cygwin\jdk8u281\880\hotspot\src\share\vm\classfile\systemDictionary.cpp, line 212
Event: 6.753 Thread 0x000002488c73c000 Implicit null exception at 0x000002488e2ec5d4 to 0x000002488e2ec9a1

Events (10 events):
Event: 6.990 loading class io/swagger/annotations/ApiModelProperty$AccessMode
Event: 6.990 loading class io/swagger/annotations/ApiModelProperty$AccessMode done
Event: 6.990 loading class io/swagger/annotations/ExtensionProperty
Event: 6.990 loading class io/swagger/annotations/ExtensionProperty done
Event: 6.996 loading class com/baomidou/mybatisplus/annotation/TableLogic
Event: 6.996 loading class com/baomidou/mybatisplus/annotation/TableLogic done
Event: 6.996 loading class com/baomidou/mybatisplus/annotation/OrderBy
Event: 6.996 loading class com/baomidou/mybatisplus/annotation/OrderBy done
Event: 6.997 loading class com/baomidou/mybatisplus/core/metadata/TableFieldInfo
Event: 6.997 loading class com/baomidou/mybatisplus/core/metadata/TableFieldInfo done


Dynamic libraries:
0x00007ff6382e0000 - 0x00007ff638327000 	E:\jdk1.8_281\bin\java.exe
0x00007ffa3ca50000 - 0x00007ffa3cc62000 	C:\WINDOWS\SYSTEM32\ntdll.dll
0x00007ffa3b910000 - 0x00007ffa3b9d2000 	C:\WINDOWS\System32\KERNEL32.DLL
0x00007ffa3a0d0000 - 0x00007ffa3a46b000 	C:\WINDOWS\System32\KERNELBASE.dll
0x00007ffa3c420000 - 0x00007ffa3c4ce000 	C:\WINDOWS\System32\ADVAPI32.dll
0x00007ffa3b570000 - 0x00007ffa3b615000 	C:\WINDOWS\System32\msvcrt.dll
0x00007ffa3b4c0000 - 0x00007ffa3b564000 	C:\WINDOWS\System32\sechost.dll
0x00007ffa3b7e0000 - 0x00007ffa3b8f5000 	C:\WINDOWS\System32\RPCRT4.dll
0x00007ffa3ac60000 - 0x00007ffa3ae0b000 	C:\WINDOWS\System32\USER32.dll
0x00007ffa3a780000 - 0x00007ffa3a7a6000 	C:\WINDOWS\System32\win32u.dll
0x00007ffa3c9e0000 - 0x00007ffa3ca09000 	C:\WINDOWS\System32\GDI32.dll
0x00007ffa39ea0000 - 0x00007ffa39fb8000 	C:\WINDOWS\System32\gdi32full.dll
0x00007ffa3a030000 - 0x00007ffa3a0ca000 	C:\WINDOWS\System32\msvcp_win.dll
0x00007ffa3a660000 - 0x00007ffa3a771000 	C:\WINDOWS\System32\ucrtbase.dll
0x00007ffa1da80000 - 0x00007ffa1dd0e000 	C:\WINDOWS\WinSxS\amd64_microsoft.windows.common-controls_6595b64144ccf1df_6.0.22598.1_none_5f058c2d9dc925ef\COMCTL32.dll
0x00007ffa3c890000 - 0x00007ffa3c8c1000 	C:\WINDOWS\System32\IMM32.DLL
0x00007ffa2edd0000 - 0x00007ffa2ede5000 	E:\jdk1.8_281\jre\bin\vcruntime140.dll
0x00007ffa25570000 - 0x00007ffa2560b000 	E:\jdk1.8_281\jre\bin\msvcp140.dll
0x0000000068f70000 - 0x00000000697cf000 	E:\jdk1.8_281\jre\bin\server\jvm.dll
0x00007ffa3c9d0000 - 0x00007ffa3c9d8000 	C:\WINDOWS\System32\PSAPI.DLL
0x00007ffa25c40000 - 0x00007ffa25c4a000 	C:\WINDOWS\SYSTEM32\VERSION.dll
0x00007ffa149e0000 - 0x00007ffa149e9000 	C:\WINDOWS\SYSTEM32\WSOCK32.dll
0x00007ffa2de90000 - 0x00007ffa2dec4000 	C:\WINDOWS\SYSTEM32\WINMM.dll
0x00007ffa3b670000 - 0x00007ffa3b6e1000 	C:\WINDOWS\System32\WS2_32.dll
0x00007ffa38fe0000 - 0x00007ffa38ff8000 	C:\WINDOWS\SYSTEM32\kernel.appcore.dll
0x00007ffa30e20000 - 0x00007ffa30e30000 	E:\jdk1.8_281\jre\bin\verify.dll
0x00007ffa2ec20000 - 0x00007ffa2ec4b000 	E:\jdk1.8_281\jre\bin\java.dll
0x00007ffa1f760000 - 0x00007ffa1f790000 	E:\jdk1.8_281\jre\bin\instrument.dll
0x00007ffa23ac0000 - 0x00007ffa23ad8000 	E:\jdk1.8_281\jre\bin\zip.dll
0x00007ffa3bc30000 - 0x00007ffa3c40c000 	C:\WINDOWS\System32\SHELL32.dll
0x00007ffa37eb0000 - 0x00007ffa38766000 	C:\WINDOWS\SYSTEM32\windows.storage.dll
0x00007ffa3a8d0000 - 0x00007ffa3ac56000 	C:\WINDOWS\System32\combase.dll
0x00007ffa37d70000 - 0x00007ffa37ead000 	C:\WINDOWS\SYSTEM32\wintypes.dll
0x00007ffa3b290000 - 0x00007ffa3b381000 	C:\WINDOWS\System32\SHCORE.dll
0x00007ffa3a870000 - 0x00007ffa3a8ce000 	C:\WINDOWS\System32\shlwapi.dll
0x00007ffa39dd0000 - 0x00007ffa39df1000 	C:\WINDOWS\SYSTEM32\profapi.dll
0x00007ffa1f690000 - 0x00007ffa1f6aa000 	E:\IDEA\IntelliJ IDEA 2021.2.2\bin\breakgen64.dll
0x00007ffa23aa0000 - 0x00007ffa23abc000 	E:\jdk1.8_281\jre\bin\net.dll
0x00007ffa39460000 - 0x00007ffa394c9000 	C:\WINDOWS\system32\mswsock.dll
0x00007ffa20d70000 - 0x00007ffa20d83000 	E:\jdk1.8_281\jre\bin\nio.dll
0x00007ffa21150000 - 0x00007ffa2115d000 	E:\jdk1.8_281\jre\bin\management.dll
0x00007ffa0e070000 - 0x00007ffa0e087000 	C:\WINDOWS\system32\napinsp.dll
0x00007ffa0e030000 - 0x00007ffa0e04b000 	C:\WINDOWS\system32\pnrpnsp.dll
0x00007ffa38a60000 - 0x00007ffa38b52000 	C:\WINDOWS\SYSTEM32\DNSAPI.dll
0x00007ffa38a30000 - 0x00007ffa38a5d000 	C:\WINDOWS\SYSTEM32\IPHLPAPI.DLL
0x00007ffa3b900000 - 0x00007ffa3b909000 	C:\WINDOWS\System32\NSI.dll
0x00007ffa0e010000 - 0x00007ffa0e021000 	C:\WINDOWS\System32\winrnr.dll
0x00007ffa2c910000 - 0x00007ffa2c925000 	C:\WINDOWS\system32\wshbth.dll
0x00007ffa0dfe0000 - 0x00007ffa0e001000 	C:\WINDOWS\system32\nlansp_c.dll
0x00007ffa2a690000 - 0x00007ffa2a69a000 	C:\Windows\System32\rasadhlp.dll
0x00007ffa2b810000 - 0x00007ffa2b893000 	C:\WINDOWS\System32\fwpuclnt.dll
0x00007ffa33ac0000 - 0x00007ffa33cee000 	C:\WINDOWS\SYSTEM32\dbghelp.dll
0x00007ffa3b6f0000 - 0x00007ffa3b7c7000 	C:\WINDOWS\System32\OLEAUT32.dll
0x00007ffa3a5e0000 - 0x00007ffa3a65b000 	C:\WINDOWS\System32\bcryptPrimitives.dll

VM Arguments:
jvm_args: -ea -Didea.test.cyclic.buffer.size=1048576 -javaagent:E:\IDEA\IntelliJ IDEA 2021.2.2\lib\idea_rt.jar=52744:E:\IDEA\IntelliJ IDEA 2021.2.2\bin -Dfile.encoding=UTF-8 
java_command: com.intellij.rt.junit.JUnitStarter -ideVersion5 -junit5 com.wyf.springboot.SpringbootApplicationTests
java_class_path (initial): E:\maven\maven-repository\org\junit\platform\junit-platform-launcher\1.7.2\junit-platform-launcher-1.7.2.jar;E:\maven\maven-repository\org\apiguardian\apiguardian-api\1.1.0\apiguardian-api-1.1.0.jar;E:\maven\maven-repository\org\junit\platform\junit-platform-engine\1.7.2\junit-platform-engine-1.7.2.jar;E:\maven\maven-repository\org\opentest4j\opentest4j\1.2.0\opentest4j-1.2.0.jar;E:\maven\maven-repository\org\junit\platform\junit-platform-commons\1.7.2\junit-platform-commons-1.7.2.jar;E:\IDEA\IntelliJ IDEA 2021.2.2\lib\idea_rt.jar;E:\IDEA\IntelliJ IDEA 2021.2.2\plugins\junit\lib\junit5-rt.jar;E:\IDEA\IntelliJ IDEA 2021.2.2\plugins\junit\lib\junit-rt.jar;E:\jdk1.8_281\jre\lib\charsets.jar;E:\jdk1.8_281\jre\lib\deploy.jar;E:\jdk1.8_281\jre\lib\ext\access-bridge-64.jar;E:\jdk1.8_281\jre\lib\ext\cldrdata.jar;E:\jdk1.8_281\jre\lib\ext\dnsns.jar;E:\jdk1.8_281\jre\lib\ext\jaccess.jar;E:\jdk1.8_281\jre\lib\ext\jfxrt.jar;E:\jdk1.8_281\jre\lib\ext\localedata.jar;E:\jdk1.8_281\jre\lib\ext\nashorn.jar;E:\jdk1.8_281\jre\lib\ext\sunec.jar;E:\jdk1.8_281\jre\lib\ext\sunjce_provider.jar;E:\jdk1.8_281\jre\lib\ext\sunmscapi.jar;E:\jdk1.8_281\jre\lib\ext\sunpkcs11.jar;E:\jdk1.8_281\jre\lib\ext\zipfs.jar;E:\jdk1.8_281\jre\lib\javaws.jar;E:\jdk1.8_281\jre\lib\jce.jar;E:\jdk1.8_281\jre\lib\jfr.jar;E:\jdk1.8_281\jre\lib\jfxswt.jar;E:\jdk1.8_281\jre\lib\jsse.jar;E:\jdk1.8_281\jre\lib\management-agent.jar;E:\jdk1.8_281\jre\lib\plugin.jar;E:\jdk1.8_281\jre\lib\resources.jar;E:\jdk1.8_281\jre\lib\rt.jar;D:\schoolplan\target\test-classes;D:\schoolplan\target\classes;C:\Users\admin\.m2\repository\org\springframework\boot\spring-boot-starter-web\2.5.9\spring-boot-starter-web-2.5.9.jar;C:\Users\admin\.m2\repository\org\springframework\boot\spring-boot-starter\2.5.9\spring-boot-starter-2.5.9.jar;C:\Users\admin\.m2\repository\org\springframework\boot\spring-boot\2.5.9\spring-boot-2.5.9.jar;C:\Users\admin\.m2\repository\org\springframework\boot\spring-boot-starter-logging
Launcher Type: SUN_STANDARD

Environment Variables:
JAVA_HOME=E:\jdk1.8_281
PATH=D:\WINDOWS.X64_193000_db_home\bin;E:\jdk1.8_281\bin;E:\jdk1.8_281\jre\bin;C:\Program Files (x86)\Common Files\Oracle\Java\javapath;C:\ProgramData\Oracle\Java\javapath;C:\Windows\system32;C:\Windows;C:\Windows\System32\Wbem;C:\Windows\System32\WindowsPowerShell\v1.0\;C:\Windows\System32\OpenSSH\;C:\Program Files (x86)\NVIDIA Corporation\PhysX\Common;C:\Program Files\NVIDIA Corporation\NVIDIA NvDLISR;C:\Program Files\MySQL\MySQL Server 8.0\bin;C:\Program Files\dotnet\;C:\Program Files\Intel\WiFi\bin\;C:\Program Files\Common Files\Intel\WirelessCommon\;E:\Git\cmd;E:\Go\bin;E:\js\;E:\GoWorks\bin;E:\matlab\matlab\runtime\win64;E:\matlab\matlab\bin;E:\matlab\matlab\polyspace\bin;D:\spss24\JRE\bin;E:\maven\apache-maven-3.6.3\bin;%HADOOP_HOME%\bin;%HADOOP_HOME%\sbin;C:\WINDOWS\system32;C:\WINDOWS;C:\WINDOWS\System32\Wbem;C:\WINDOWS\System32\WindowsPowerShell\v1.0\;C:\WINDOWS\System32\OpenSSH\;E:\python;E:\python\Scripts;C:\Program Files (x86)\Pandoc\;E:\Microsoft VS Code\bin;C:\Program Files\MySQL\MySQL Shell 8.0\bin\;E:\python\Scripts\;E:\python\;%USERPROFILE%\AppData\Local\Microsoft\WindowsApps;E:\Microsoft VS Code\bin;C:\mingw64\bin;%PyCharm%;%IntelliJ IDEA%;%USERPROFILE%\go\bin;%GoLand%;C:\Users\admin\AppData\Roaming\npm;%WebStorm%;E:\GoWorks\bin;E:\mingw64\bin;D:\LateX\texlive\2021\bin\win32;%USERPROFILE%\.dotnet\tools;%IntelliJ IDEA Community Edition%;E:\TDM-GCC-64\bin;D:\Tencent\QQGameTempest\Hall.57734\;
USERNAME=gEvWong
OS=Windows_NT
PROCESSOR_IDENTIFIER=Intel64 Family 6 Model 142 Stepping 11, GenuineIntel



---------------  S Y S T E M  ---------------

OS: Windows 10.0 , 64 bit Build 22598 (10.0.22598.1)

CPU:total 8 (initial active 8) (4 cores per cpu, 2 threads per core) family 6 model 142 stepping 11, cmov, cx8, fxsr, mmx, sse, sse2, sse3, ssse3, sse4.1, sse4.2, popcnt, avx, avx2, aes, clmul, erms, 3dnowpref, lzcnt, ht, tsc, tscinvbit, bmi1, bmi2, adx

Memory: 4k page, physical 8198404k(632684k free), swap 20885380k(4804k free)

vm_info: Java HotSpot(TM) 64-Bit Server VM (25.281-b09) for windows-amd64 JRE (1.8.0_281-b09), built on Dec  9 2020 13:54:07 by "" with MS VC++ 15.9 (VS2017)

time: Thu Jul 28 17:42:44 2022
timezone: 中国标准时间
elapsed time: 7.054276 seconds (0d 0h 0m 7s)

